<?xml version="1.0" encoding="UTF-8"?>
<coverage generated="1730329862696" clover="3.2.0">
  <project timestamp="1730329862703" name="All files">
    <metrics statements="7" coveredstatements="7" conditionals="9" coveredconditionals="8" methods="1" coveredmethods="1" elements="17" coveredelements="16" complexity="0" loc="7" ncloc="7" packages="1" files="2" classes="2"/>
    <file name="quizQuestions.js" path="/home/gumza/Desktop/separationofConcern_Quiz_jest/UtilFiles/quizQuestions.js">
      <metrics statements="1" coveredstatements="1" conditionals="0" coveredconditionals="0" methods="0" coveredmethods="0"/>
      <line num="1" count="1" type="stmt"/>
    </file>
    <file name="validatePlayerName.js" path="/home/gumza/Desktop/separationofConcern_Quiz_jest/UtilFiles/validatePlayerName.js">
      <metrics statements="6" coveredstatements="6" conditionals="9" coveredconditionals="8" methods="1" coveredmethods="1"/>
      <line num="2" count="3" type="cond" truecount="5" falsecount="0"/>
      <line num="3" count="1" type="stmt"/>
      <line num="4" count="2" type="cond" truecount="2" falsecount="0"/>
      <line num="5" count="1" type="stmt"/>
      <line num="6" count="1" type="cond" truecount="1" falsecount="1"/>
      <line num="7" count="1" type="stmt"/>
    </file>
  </project>
</coverage>
