<?xml version="1.0" encoding="UTF-8"?>
<coverage generated="1730259937235" clover="3.2.0">
  <project timestamp="1730259937235" name="All files">
    <metrics statements="10" coveredstatements="10" conditionals="9" coveredconditionals="9" methods="1" coveredmethods="1" elements="20" coveredelements="20" complexity="0" loc="10" ncloc="10" packages="1" files="2" classes="2"/>
    <file name="quizQuestions.js" path="/home/gumza/Desktop/separationofConcern_Quiz_jest/UtilFiles/quizQuestions.js">
      <metrics statements="1" coveredstatements="1" conditionals="0" coveredconditionals="0" methods="0" coveredmethods="0"/>
      <line num="1" count="1" type="stmt"/>
    </file>
    <file name="validatePlayerName.js" path="/home/gumza/Desktop/separationofConcern_Quiz_jest/UtilFiles/validatePlayerName.js">
      <metrics statements="9" coveredstatements="9" conditionals="9" coveredconditionals="9" methods="1" coveredmethods="1"/>
      <line num="2" count="5" type="cond" truecount="5" falsecount="0"/>
      <line num="4" count="2" type="stmt"/>
      <line num="5" count="2" type="stmt"/>
      <line num="6" count="3" type="cond" truecount="2" falsecount="0"/>
      <line num="7" count="1" type="stmt"/>
      <line num="8" count="1" type="stmt"/>
      <line num="9" count="2" type="cond" truecount="2" falsecount="0"/>
      <line num="10" count="1" type="stmt"/>
      <line num="11" count="1" type="stmt"/>
    </file>
  </project>
</coverage>
