{"/Users/damacm1108/Documents/separationofConcern_Quiz_jest/UtilFiles/quizQuestions.js": {"path":"/Users/damacm1108/Documents/separationofConcern_Quiz_jest/UtilFiles/quizQuestions.js","statementMap":{"0":{"start":{"line":1,"column":19},"end":{"line":62,"column":5}}},"fnMap":{},"branchMap":{},"s":{"0":1},"f":{},"b":{},"_coverageSchema":"1a1c01bbd47fc00a2c39e90264f33305004495a9","hash":"5cb28a03551f02f5c98165693dee7eda63551ed9"}
,"/Users/damacm1108/Documents/separationofConcern_Quiz_jest/UtilFiles/validatePlayerName.js": {"path":"/Users/damacm1108/Documents/separationofConcern_Quiz_jest/UtilFiles/validatePlayerName.js","statementMap":{"0":{"start":{"line":2,"column":4},"end":{"line":8,"column":5}},"1":{"start":{"line":3,"column":8},"end":{"line":3,"column":50}},"2":{"start":{"line":4,"column":13},"end":{"line":8,"column":5}},"3":{"start":{"line":5,"column":8},"end":{"line":5,"column":83}},"4":{"start":{"line":6,"column":13},"end":{"line":8,"column":5}},"5":{"start":{"line":7,"column":8},"end":{"line":7,"column":80}}},"fnMap":{"0":{"name":"validatePlayerName","decl":{"start":{"line":1,"column":9},"end":{"line":1,"column":27}},"loc":{"start":{"line":1,"column":40},"end":{"line":9,"column":3}},"line":1}},"branchMap":{"0":{"loc":{"start":{"line":2,"column":4},"end":{"line":8,"column":5}},"type":"if","locations":[{"start":{"line":2,"column":4},"end":{"line":8,"column":5}},{"start":{"line":4,"column":13},"end":{"line":8,"column":5}}],"line":2},"1":{"loc":{"start":{"line":2,"column":8},"end":{"line":2,"column":75}},"type":"binary-expr","locations":[{"start":{"line":2,"column":8},"end":{"line":2,"column":19}},{"start":{"line":2,"column":23},"end":{"line":2,"column":46}},{"start":{"line":2,"column":50},"end":{"line":2,"column":75}}],"line":2},"2":{"loc":{"start":{"line":4,"column":13},"end":{"line":8,"column":5}},"type":"if","locations":[{"start":{"line":4,"column":13},"end":{"line":8,"column":5}},{"start":{"line":6,"column":13},"end":{"line":8,"column":5}}],"line":4},"3":{"loc":{"start":{"line":6,"column":13},"end":{"line":8,"column":5}},"type":"if","locations":[{"start":{"line":6,"column":13},"end":{"line":8,"column":5}},{"start":{},"end":{}}],"line":6}},"s":{"0":3,"1":1,"2":2,"3":1,"4":1,"5":1},"f":{"0":3},"b":{"0":[1,2],"1":[3,2,2],"2":[1,1],"3":[1,0]},"_coverageSchema":"1a1c01bbd47fc00a2c39e90264f33305004495a9","hash":"a1952c0689bc1b8a689c8fd18e65547cbb291c46"}
}
