{"/home/gumza/Desktop/separationofConcern_Quiz_jest/UtilFiles/quizQuestions.js": {"path":"/home/gumza/Desktop/separationofConcern_Quiz_jest/UtilFiles/quizQuestions.js","statementMap":{"0":{"start":{"line":1,"column":19},"end":{"line":62,"column":5}}},"fnMap":{},"branchMap":{},"s":{"0":1},"f":{},"b":{},"_coverageSchema":"1a1c01bbd47fc00a2c39e90264f33305004495a9","hash":"89a18c221d1e2c29f4baf0552468ec492c98bec7"}
,"/home/gumza/Desktop/separationofConcern_Quiz_jest/UtilFiles/validatePlayerName.js": {"path":"/home/gumza/Desktop/separationofConcern_Quiz_jest/UtilFiles/validatePlayerName.js","statementMap":{"0":{"start":{"line":2,"column":4},"end":{"line":12,"column":5}},"1":{"start":{"line":4,"column":8},"end":{"line":4,"column":40}},"2":{"start":{"line":5,"column":8},"end":{"line":5,"column":50}},"3":{"start":{"line":6,"column":13},"end":{"line":12,"column":5}},"4":{"start":{"line":7,"column":8},"end":{"line":7,"column":73}},"5":{"start":{"line":8,"column":8},"end":{"line":8,"column":83}},"6":{"start":{"line":9,"column":13},"end":{"line":12,"column":5}},"7":{"start":{"line":10,"column":8},"end":{"line":10,"column":70}},"8":{"start":{"line":11,"column":8},"end":{"line":11,"column":80}}},"fnMap":{"0":{"name":"validatePlayerName","decl":{"start":{"line":1,"column":9},"end":{"line":1,"column":27}},"loc":{"start":{"line":1,"column":40},"end":{"line":13,"column":3}},"line":1}},"branchMap":{"0":{"loc":{"start":{"line":2,"column":4},"end":{"line":12,"column":5}},"type":"if","locations":[{"start":{"line":2,"column":4},"end":{"line":12,"column":5}},{"start":{"line":6,"column":13},"end":{"line":12,"column":5}}],"line":2},"1":{"loc":{"start":{"line":2,"column":8},"end":{"line":2,"column":75}},"type":"binary-expr","locations":[{"start":{"line":2,"column":8},"end":{"line":2,"column":19}},{"start":{"line":2,"column":23},"end":{"line":2,"column":46}},{"start":{"line":2,"column":50},"end":{"line":2,"column":75}}],"line":2},"2":{"loc":{"start":{"line":6,"column":13},"end":{"line":12,"column":5}},"type":"if","locations":[{"start":{"line":6,"column":13},"end":{"line":12,"column":5}},{"start":{"line":9,"column":13},"end":{"line":12,"column":5}}],"line":6},"3":{"loc":{"start":{"line":9,"column":13},"end":{"line":12,"column":5}},"type":"if","locations":[{"start":{"line":9,"column":13},"end":{"line":12,"column":5}},{"start":{},"end":{}}],"line":9}},"s":{"0":5,"1":2,"2":2,"3":3,"4":1,"5":1,"6":2,"7":1,"8":1},"f":{"0":5},"b":{"0":[2,3],"1":[5,4,4],"2":[1,2],"3":[1,1]},"_coverageSchema":"1a1c01bbd47fc00a2c39e90264f33305004495a9","hash":"213cc631b8ed77d6f5cf5f1a0327cb21ad265548"}
}
